Build started 9/30/2015 2:21:28 PM.
     1>Project "C:\Users\Dominick\Documents\GitHub\Dijsktra_Take_Two\Dijsktra_Take_Two\Dijsktra_Take_Two.vcxproj" on node 2 (Build target(s)).
     1>ClCompile:
         C:\Program Files (x86)\Microsoft Visual Studio 14.0\VC\bin\CL.exe /c /ZI /nologo /W3 /WX- /Od /Oy- /D WIN32 /D _DEBUG /D _CONSOLE /D _UNICODE /D UNICODE /Gm /EHsc /RTC1 /MDd /GS /fp:precise /Zc:wchar_t /Zc:forScope /Zc:inline /Fo"Debug\\" /Fd"Debug\vc140.pdb" /Gd /TP /analyze- /errorReport:prompt Dijsktra_Take_Two.cpp Graph.cpp Node.cpp Path.cpp
         Node.cpp
         Graph.cpp
         Dijsktra_Take_Two.cpp
         Generating Code...
         Compiling...
         Path.cpp
         Generating Code...
       Link:
         C:\Program Files (x86)\Microsoft Visual Studio 14.0\VC\bin\link.exe /ERRORREPORT:PROMPT /OUT:"C:\Users\Dominick\Documents\GitHub\Dijsktra_Take_Two\Debug\Dijsktra_Take_Two.exe" /INCREMENTAL /NOLOGO kernel32.lib user32.lib gdi32.lib winspool.lib comdlg32.lib advapi32.lib shell32.lib ole32.lib oleaut32.lib uuid.lib odbc32.lib odbccp32.lib /MANIFEST /MANIFESTUAC:"level='asInvoker' uiAccess='false'" /manifest:embed /Debug /PDB:"C:\Users\Dominick\Documents\GitHub\Dijsktra_Take_Two\Debug\Dijsktra_Take_Two.pdb" /SUBSYSTEM:CONSOLE /TLBID:1 /DYNAMICBASE /NXCOMPAT /IMPLIB:"C:\Users\Dominick\Documents\GitHub\Dijsktra_Take_Two\Debug\Dijsktra_Take_Two.lib" /MACHINE:X86 Debug\Dijsktra_Take_Two.obj
         Debug\Graph.obj
         Debug\Node.obj
         Debug\Path.obj
         Debug\stdafx.obj
         Dijsktra_Take_Two.vcxproj -> C:\Users\Dominick\Documents\GitHub\Dijsktra_Take_Two\Debug\Dijsktra_Take_Two.exe
     1>Done Building Project "C:\Users\Dominick\Documents\GitHub\Dijsktra_Take_Two\Dijsktra_Take_Two\Dijsktra_Take_Two.vcxproj" (Build target(s)).

Build succeeded.

Time Elapsed 00:00:04.81
